#
# There is insufficient memory for the Java Runtime Environment to continue.
# Native memory allocation (mmap) failed to map 134217728 bytes for Failed to commit area from 0x0000000081600000 to 0x0000000089600000 of length 134217728.
# Possible reasons:
#   The system is out of physical RAM or swap space
#   The process is running with CompressedOops enabled, and the Java Heap may be blocking the growth of the native heap
# Possible solutions:
#   Reduce memory load on the system
#   Increase physical memory or swap space
#   Check if swap backing store is full
#   Decrease Java heap size (-Xmx/-Xms)
#   Decrease number of Java threads
#   Decrease Java thread stack sizes (-Xss)
#   Set larger code cache with -XX:ReservedCodeCacheSize=
#   JVM is running with Unscaled Compressed Oops mode in which the Java heap is
#     placed in the first 4GB address space. The Java Heap base address is the
#     maximum limit for the native heap growth. Please use -XX:HeapBaseMinAddress
#     to set the Java Heap base and to place the Java Heap above 4GB virtual address.
# This output file may be truncated or incomplete.
#
#  Out of Memory Error (./open/src/hotspot/os/windows/os_windows.cpp:3315), pid=19176, tid=7212
#
# JRE version:  (14.0.2+12) (build )
# Java VM: Java HotSpot(TM) 64-Bit Server VM (14.0.2+12-46, mixed mode, sharing, tiered, compressed oops, g1 gc, windows-amd64)
# No core dump will be written. Minidumps are not enabled by default on client versions of Windows
#

---------------  S U M M A R Y ------------

Command Line: -javaagent:D:\2019 java\eclipse\configuration\org.eclipse.osgi\396\0\.cp\jacocoagent.jar=includes=*,excludes=,exclclassloader=sun.reflect.DelegatingClassLoader,output=tcpclient,port=63624 -Dfile.encoding=GBK -XX:+ShowCodeDetailsInExceptionMessages cn.edu.jsu.yao.frm.BookMassageInterface

Host: Intel(R) Core(TM) i5-8250U CPU @ 1.60GHz, 8 cores, 7G,  Windows 10 , 64 bit Build 18362 (10.0.18362.1110)
Time: Tue Jan  5 17:01:57 2021 ?D1¨²¡À¨º¡Á?¨º¡À?? elapsed time: 0 seconds (0d 0h 0m 0s)

---------------  T H R E A D  ---------------

Current thread (0x0000022215fab800):  JavaThread "Unknown thread" [_thread_in_vm, id=7212, stack(0x0000006f7fb00000,0x0000006f7fc00000)]

Stack: [0x0000006f7fb00000,0x0000006f7fc00000]
Native frames: (J=compiled Java code, j=interpreted, Vv=VM code, C=native code)
V  [jvm.dll+0x5f8a9a]
V  [jvm.dll+0x74247a]
V  [jvm.dll+0x743c2f]
V  [jvm.dll+0x744273]
V  [jvm.dll+0x20d288]
V  [jvm.dll+0x5f5dea]
V  [jvm.dll+0x5eac45]
V  [jvm.dll+0x2c7e9c]
V  [jvm.dll+0x2c7cd2]
V  [jvm.dll+0x2cdbbc]
V  [jvm.dll+0x313fe8]
V  [jvm.dll+0x313710]
V  [jvm.dll+0x2a092a]
V  [jvm.dll+0x2a1a79]
V  [jvm.dll+0x71fd48]
V  [jvm.dll+0x321c14]
V  [jvm.dll+0x70112c]
V  [jvm.dll+0x392def]
V  [jvm.dll+0x394e61]
C  [jli.dll+0x524b]
C  [ucrtbase.dll+0x210b2]
C  [KERNEL32.DLL+0x17c24]
C  [ntdll.dll+0x6d4d1]


---------------  P R O C E S S  ---------------

Threads class SMR info:
_java_thread_list=0x00007ffe71f03038, length=0, elements={
}

Java Threads: ( => current thread )

Other Threads:
  0x0000022215fef800 GCTaskThread "GC Thread#0" [stack: 0x0000006f7fc00000,0x0000006f7fd00000] [id=22296]
  0x0000022216001000 ConcurrentGCThread "G1 Main Marker" [stack: 0x0000006f7fd00000,0x0000006f7fe00000] [id=22980]
  0x0000022216002800 ConcurrentGCThread "G1 Conc#0" [stack: 0x0000006f7fe00000,0x0000006f7ff00000] [id=21088]

[error occurred during error reporting (printing all threads), id 0xc0000005, EXCEPTION_ACCESS_VIOLATION (0xc0000005) at pc=0x00007ffe71731257]

VM state:not at safepoint (not fully initialized)

VM Mutex/Monitor currently owned by a thread:  ([mutex/lock_event])
[0x0000022215fa6a60] Heap_lock - owner thread: 0x0000022215fab800

Heap address: 0x0000000081600000, size: 2026 MB, Compressed Oops mode: 32-bit
Narrow klass base: 0x0000000000000000, Narrow klass shift: 0

GC Heap History (0 events):
No events

Deoptimization events (0 events):
No events

Classes unloaded (0 events):
No events

Classes redefined (0 events):
No events

Internal exceptions (0 events):
No events

Events (2 events):
Event: 0.018 Loaded shared library D:\Java\bin\java.dll
Event: 0.018 Loaded shared library D:\Java\bin\zip.dll


Dynamic libraries:
0x00007ff60c140000 - 0x00007ff60c14f000 	D:\Java\bin\javaw.exe
0x00007ffeaa120000 - 0x00007ffeaa310000 	C:\WINDOWS\SYSTEM32\ntdll.dll
0x00007ffea8c00000 - 0x00007ffea8cb2000 	C:\WINDOWS\System32\KERNEL32.DLL
0x00007ffea7510000 - 0x00007ffea77b5000 	C:\WINDOWS\System32\KERNELBASE.dll
0x00007ffea7090000 - 0x00007ffea718a000 	C:\WINDOWS\System32\ucrtbase.dll
0x00007ffe9fd90000 - 0x00007ffe9fda8000 	D:\Java\bin\jli.dll
0x00007ffea0fb0000 - 0x00007ffea0fc5000 	D:\Java\bin\VCRUNTIME140.dll
0x00007ffea8ef0000 - 0x00007ffea8f93000 	C:\WINDOWS\System32\ADVAPI32.dll
0x00007ffea9d80000 - 0x00007ffea9e1e000 	C:\WINDOWS\System32\msvcrt.dll
0x00007ffea8b60000 - 0x00007ffea8bf7000 	C:\WINDOWS\System32\sechost.dll
0x00007ffea82a0000 - 0x00007ffea83c0000 	C:\WINDOWS\System32\RPCRT4.dll
0x00007ffea93b0000 - 0x00007ffea9544000 	C:\WINDOWS\System32\USER32.dll
0x00007ffea7210000 - 0x00007ffea7231000 	C:\WINDOWS\System32\win32u.dll
0x00007ffea96b0000 - 0x00007ffea96d6000 	C:\WINDOWS\System32\GDI32.dll
0x00007ffea7810000 - 0x00007ffea79a6000 	C:\WINDOWS\System32\gdi32full.dll
0x00007ffea7440000 - 0x00007ffea74de000 	C:\WINDOWS\System32\msvcp_win.dll
0x00007ffe8ff60000 - 0x00007ffe901e4000 	C:\WINDOWS\WinSxS\amd64_microsoft.windows.common-controls_6595b64144ccf1df_6.0.18362.1256_none_9e7e379be45e40e2\COMCTL32.dll
0x00007ffea8fa0000 - 0x00007ffea92d6000 	C:\WINDOWS\System32\combase.dll
0x00007ffea79b0000 - 0x00007ffea7a31000 	C:\WINDOWS\System32\bcryptPrimitives.dll
0x00007ffea6ba0000 - 0x00007ffea6baa000 	C:\WINDOWS\SYSTEM32\VERSION.dll
0x00007ffeaa0b0000 - 0x00007ffeaa0de000 	C:\WINDOWS\System32\IMM32.DLL
0x00007ffe71000000 - 0x00007ffe7109b000 	D:\Java\bin\msvcp140.dll
0x00007ffe71480000 - 0x00007ffe71f9e000 	D:\Java\bin\server\jvm.dll
0x00007ffea9f60000 - 0x00007ffea9f68000 	C:\WINDOWS\System32\PSAPI.DLL
0x00007ffe90dc0000 - 0x00007ffe90dc9000 	C:\WINDOWS\SYSTEM32\WSOCK32.dll
0x00007ffea9340000 - 0x00007ffea93af000 	C:\WINDOWS\System32\WS2_32.dll
0x00007ffea4890000 - 0x00007ffea48b4000 	C:\WINDOWS\SYSTEM32\WINMM.dll
0x00007ffea4860000 - 0x00007ffea488d000 	C:\WINDOWS\SYSTEM32\winmmbase.dll
0x00007ffea77c0000 - 0x00007ffea780a000 	C:\WINDOWS\System32\cfgmgr32.dll
0x00007ffea7040000 - 0x00007ffea7051000 	C:\WINDOWS\System32\kernel.appcore.dll
0x00007ffe9ad10000 - 0x00007ffe9ad1a000 	D:\Java\bin\jimage.dll
0x00007ffe93c80000 - 0x00007ffe93e74000 	C:\WINDOWS\SYSTEM32\DBGHELP.DLL
0x00007ffe93ab0000 - 0x00007ffe93ada000 	C:\WINDOWS\SYSTEM32\dbgcore.DLL
0x00007ffea37b0000 - 0x00007ffea37be000 	D:\Java\bin\instrument.dll
0x00007ffe91780000 - 0x00007ffe917a5000 	D:\Java\bin\java.dll
0x00007ffe967f0000 - 0x00007ffe96806000 	D:\Java\bin\zip.dll

dbghelp: loaded successfully - version: 4.0.5 - missing functions: none
symbol engine: initialized successfully - sym options: 0x614 - pdb path: .;D:\Java\bin;C:\WINDOWS\SYSTEM32;C:\WINDOWS\WinSxS\amd64_microsoft.windows.common-controls_6595b64144ccf1df_6.0.18362.1256_none_9e7e379be45e40e2;D:\Java\bin\server

VM Arguments:
jvm_args: -javaagent:D:\2019 java\eclipse\configuration\org.eclipse.osgi\396\0\.cp\jacocoagent.jar=includes=*,excludes=,exclclassloader=sun.reflect.DelegatingClassLoader,output=tcpclient,port=63624 -Dfile.encoding=GBK -XX:+ShowCodeDetailsInExceptionMessages 
java_command: cn.edu.jsu.yao.frm.BookMassageInterface
java_class_path (initial): D:\java work\BookMS\bin;D:\java work\BookMS\lib\commons-collections4-4.4.jar;D:\java work\BookMS\lib\commons-compress-1.19.jar;D:\java work\BookMS\lib\commons-math3-3.6.1.jar;D:\java work\BookMS\lib\mysql-connector-java-8.0.22.jar;D:\java work\BookMS\lib\poi-4.1.2.jar;D:\java work\BookMS\lib\poi-ooxml-4.1.2.jar;D:\java work\BookMS\lib\poi-ooxml-schemas-4.1.2.jar;D:\java work\BookMS\lib\xmlbeans-3.1.0.jar
Launcher Type: SUN_STANDARD

[Global flags]
     intx CICompilerCount                          = 4                                         {product} {ergonomic}
     uint ConcGCThreads                            = 2                                         {product} {ergonomic}
     uint G1ConcRefinementThreads                  = 8                                         {product} {ergonomic}
   size_t G1HeapRegionSize                         = 1048576                                   {product} {ergonomic}
    uintx GCDrainStackTargetSize                   = 64                                        {product} {ergonomic}
   size_t InitialHeapSize                          = 134217728                                 {product} {ergonomic}
   size_t MarkStackSize                            = 4194304                                   {product} {ergonomic}
   size_t MaxHeapSize                              = 2124414976                                {product} {ergonomic}
   size_t MinHeapDeltaBytes                        = 1048576                                   {product} {ergonomic}
   size_t MinHeapSize                              = 8388608                                   {product} {ergonomic}
    uintx NonNMethodCodeHeapSize                   = 5839372                                {pd product} {ergonomic}
    uintx NonProfiledCodeHeapSize                  = 122909434                              {pd product} {ergonomic}
    uintx ProfiledCodeHeapSize                     = 122909434                              {pd product} {ergonomic}
    uintx ReservedCodeCacheSize                    = 251658240                              {pd product} {ergonomic}
     bool SegmentedCodeCache                       = true                                      {product} {ergonomic}
     bool ShowCodeDetailsInExceptionMessages       = true                                   {manageable} {command line}
   size_t SoftMaxHeapSize                          = 2124414976                             {manageable} {ergonomic}
     bool UseCompressedClassPointers               = true                                 {lp64_product} {ergonomic}
     bool UseCompressedOops                        = true                                 {lp64_product} {ergonomic}
     bool UseG1GC                                  = true                                      {product} {ergonomic}
     bool UseLargePagesIndividualAllocation        = false                                  {pd product} {ergonomic}

Logging:
Log output configuration:
 #0: stdout all=warning uptime,level,tags
 #1: stderr all=off uptime,level,tags

Environment Variables:
PATH=D:/Java/bin/server;D:/Java/bin;C:\Program Files\Microsoft MPI\Bin\;D:\Java\bin;C:\Program Files (x86)\CodeBlocks\MinGW\bin;D:\Program Files (x86)\Microsoft SQL Server\150\Tools\Binn\;D:\Program Files\Microsoft SQL Server\150\Tools\Binn\;D:\Program Files\Microsoft SQL Server\150\DTS\Binn\;D:\Program Files\Microsoft SQL Server\Client SDK\ODBC\170\Tools\Binn\;D:\Program Files (x86)\Microsoft SQL Server\150\DTS\Binn\;D:\mysql\mysql-8.0.22-winx64\bin;C:\Users\86181\AppData\Local\Programs\Python\Python38\Scripts\;C:\Users\86181\AppData\Local\Programs\Python\Python38\;C:\Users\86181\AppData\Local\Microsoft\WindowsApps;;D:\2019 java\eclipse;
USERNAME=86181
OS=Windows_NT
PROCESSOR_IDENTIFIER=Intel64 Family 6 Model 142 Stepping 10, GenuineIntel



---------------  S Y S T E M  ---------------

OS: Windows 10 , 64 bit Build 18362 (10.0.18362.1110)
OS uptime: 0 days 6:35 hours

CPU:total 8 (initial active 8) (4 cores per cpu, 2 threads per core) family 6 model 142 stepping 10, cmov, cx8, fxsr, mmx, sse, sse2, sse3, ssse3, sse4.1, sse4.2, popcnt, avx, avx2, aes, clmul, erms, 3dnowpref, lzcnt, ht, tsc, tscinvbit, bmi1, bmi2, adx, fma

Memory: 4k page, system-wide physical 8101M (2220M free)
TotalPageFile size 18873M (AvailPageFile size 67M)
current process WorkingSet (physical memory assigned to process): 10M, peak: 10M
current process commit charge ("private bytes"): 60M, peak: 188M

vm_info: Java HotSpot(TM) 64-Bit Server VM (14.0.2+12-46) for windows-amd64 JRE (14.0.2+12-46), built on Jul  9 2020 00:35:52 by "mach5one" with MS VC++ 15.9 (VS2017)

END.
